<?xml version="1.0" encoding="UTF-8"?>
<testsuite xmlns:xsi="http://www.w3.org/2001/XMLSchema-instance" xsi:noNamespaceSchemaLocation="https://maven.apache.org/surefire/maven-surefire-plugin/xsd/surefire-test-report.xsd" name="org.kie.kproject.KProjectTest" time="0.689" tests="1" errors="0" skipped="0" failures="0">
  <properties>
    <property name="gopherProxySet" value="false"/>
    <property name="awt.toolkit" value="sun.lwawt.macosx.LWCToolkit"/>
    <property name="java.specification.version" value="11"/>
    <property name="sun.cpu.isalist" value=""/>
    <property name="sun.jnu.encoding" value="UTF-8"/>
    <property name="java.class.path" value="/Users/luca/git/example-accumulate/target/test-classes:/Users/luca/git/example-accumulate/target/classes:/Users/luca/.m2/repository/org/kie/kie-api/7.38.0.Final/kie-api-7.38.0.Final.jar:/Users/luca/.m2/repository/org/kie/soup/kie-soup-maven-support/7.38.0.Final/kie-soup-maven-support-7.38.0.Final.jar:/Users/luca/.m2/repository/org/slf4j/slf4j-api/1.7.26/slf4j-api-1.7.26.jar:/Users/luca/.m2/repository/org/drools/drools-model-compiler/7.38.0.Final/drools-model-compiler-7.38.0.Final.jar:/Users/luca/.m2/repository/org/mvel/mvel2/2.4.7.Final/mvel2-2.4.7.Final.jar:/Users/luca/.m2/repository/org/kie/kie-internal/7.38.0.Final/kie-internal-7.38.0.Final.jar:/Users/luca/.m2/repository/org/drools/drools-core-reflective/7.38.0.Final/drools-core-reflective-7.38.0.Final.jar:/Users/luca/.m2/repository/com/github/javaparser/javaparser-core/3.13.10/javaparser-core-3.13.10.jar:/Users/luca/.m2/repository/org/drools/drools-mvel-parser/7.38.0.Final/drools-mvel-parser-7.38.0.Final.jar:/Users/luca/.m2/repository/org/drools/drools-mvel-compiler/7.38.0.Final/drools-mvel-compiler-7.38.0.Final.jar:/Users/luca/.m2/repository/org/drools/drools-canonical-model/7.38.0.Final/drools-canonical-model-7.38.0.Final.jar:/Users/luca/.m2/repository/org/drools/drools-core/7.38.0.Final/drools-core-7.38.0.Final.jar:/Users/luca/.m2/repository/org/kie/soup/kie-soup-xstream/7.38.0.Final/kie-soup-xstream-7.38.0.Final.jar:/Users/luca/.m2/repository/org/drools/drools-core-dynamic/7.38.0.Final/drools-core-dynamic-7.38.0.Final.jar:/Users/luca/.m2/repository/org/kie/soup/kie-soup-project-datamodel-commons/7.38.0.Final/kie-soup-project-datamodel-commons-7.38.0.Final.jar:/Users/luca/.m2/repository/org/kie/soup/kie-soup-project-datamodel-api/7.38.0.Final/kie-soup-project-datamodel-api-7.38.0.Final.jar:/Users/luca/.m2/repository/commons-codec/commons-codec/1.11/commons-codec-1.11.jar:/Users/luca/.m2/repository/org/drools/drools-compiler/7.38.0.Final/drools-compiler-7.38.0.Final.jar:/Users/luca/.m2/repository/org/kie/soup/kie-soup-commons/7.38.0.Final/kie-soup-commons-7.38.0.Final.jar:/Users/luca/.m2/repository/org/antlr/antlr-runtime/3.5.2/antlr-runtime-3.5.2.jar:/Users/luca/.m2/repository/com/thoughtworks/xstream/xstream/1.4.11.1/xstream-1.4.11.1.jar:/Users/luca/.m2/repository/xmlpull/xmlpull/1.2.0/xmlpull-1.2.0.jar:/Users/luca/.m2/repository/xpp3/xpp3_min/1.2.0/xpp3_min-1.2.0.jar:/Users/luca/.m2/repository/com/google/protobuf/protobuf-java/3.6.1/protobuf-java-3.6.1.jar:/Users/luca/.m2/repository/org/kie/kie-dmn-api/7.38.0.Final/kie-dmn-api-7.38.0.Final.jar:/Users/luca/.m2/repository/org/kie/kie-dmn-model/7.38.0.Final/kie-dmn-model-7.38.0.Final.jar:/Users/luca/.m2/repository/org/kie/kie-dmn-core/7.38.0.Final/kie-dmn-core-7.38.0.Final.jar:/Users/luca/.m2/repository/org/drools/drools-ruleunit/7.38.0.Final/drools-ruleunit-7.38.0.Final.jar:/Users/luca/.m2/repository/org/antlr/antlr4-runtime/4.8/antlr4-runtime-4.8.jar:/Users/luca/.m2/repository/org/jpmml/pmml-model/1.4.11/pmml-model-1.4.11.jar:/Users/luca/.m2/repository/org/jpmml/pmml-agent/1.4.11/pmml-agent-1.4.11.jar:/Users/luca/.m2/repository/org/kie/kie-dmn-core/7.38.0.Final/kie-dmn-core-7.38.0.Final-tests.jar:/Users/luca/.m2/repository/org/kie/kie-dmn-backend/7.38.0.Final/kie-dmn-backend-7.38.0.Final.jar:/Users/luca/.m2/repository/org/kie/kie-dmn-feel/7.38.0.Final/kie-dmn-feel-7.38.0.Final.jar:/Users/luca/.m2/repository/ch/obermuhlner/big-math/2.0.1/big-math-2.0.1.jar:/Users/luca/.m2/repository/ch/qos/logback/logback-classic/1.2.3/logback-classic-1.2.3.jar:/Users/luca/.m2/repository/ch/qos/logback/logback-core/1.2.3/logback-core-1.2.3.jar:/Users/luca/.m2/repository/junit/junit/4.12/junit-4.12.jar:/Users/luca/.m2/repository/org/hamcrest/hamcrest-core/1.3/hamcrest-core-1.3.jar:/Users/luca/.m2/repository/org/hamcrest/hamcrest-library/1.3/hamcrest-library-1.3.jar:/Users/luca/.m2/repository/org/mockito/mockito-core/1.10.19/mockito-core-1.10.19.jar:/Users/luca/.m2/repository/org/objenesis/objenesis/2.1/objenesis-2.1.jar:"/>
    <property name="org.uberfire.nio.git.daemon.enabled" value="false"/>
    <property name="java.vm.vendor" value="Oracle Corporation"/>
    <property name="sun.arch.data.model" value="64"/>
    <property name="java.vendor.url" value="http://java.oracle.com/"/>
    <property name="user.timezone" value=""/>
    <property name="java.vm.specification.version" value="11"/>
    <property name="os.name" value="Mac OS X"/>
    <property name="sun.java.launcher" value="SUN_STANDARD"/>
    <property name="user.country" value="IT"/>
    <property name="sun.boot.library.path" value="/Users/luca/.jabba/jdk/openjdk@1.11.0-2/Contents/Home/lib"/>
    <property name="sun.java.command" value="/Users/luca/git/example-accumulate/target/surefire/surefirebooter16663555082198888268.jar /Users/luca/git/example-accumulate/target/surefire 2020-06-11T10-26-04_187-jvmRun1 surefire15239118847929975619tmp surefire_04453324496872930352tmp"/>
    <property name="http.nonProxyHosts" value="local|*.local|169.254/16|*.169.254/16"/>
    <property name="jdk.debug" value="release"/>
    <property name="surefire.test.class.path" value="/Users/luca/git/example-accumulate/target/test-classes:/Users/luca/git/example-accumulate/target/classes:/Users/luca/.m2/repository/org/kie/kie-api/7.38.0.Final/kie-api-7.38.0.Final.jar:/Users/luca/.m2/repository/org/kie/soup/kie-soup-maven-support/7.38.0.Final/kie-soup-maven-support-7.38.0.Final.jar:/Users/luca/.m2/repository/org/slf4j/slf4j-api/1.7.26/slf4j-api-1.7.26.jar:/Users/luca/.m2/repository/org/drools/drools-model-compiler/7.38.0.Final/drools-model-compiler-7.38.0.Final.jar:/Users/luca/.m2/repository/org/mvel/mvel2/2.4.7.Final/mvel2-2.4.7.Final.jar:/Users/luca/.m2/repository/org/kie/kie-internal/7.38.0.Final/kie-internal-7.38.0.Final.jar:/Users/luca/.m2/repository/org/drools/drools-core-reflective/7.38.0.Final/drools-core-reflective-7.38.0.Final.jar:/Users/luca/.m2/repository/com/github/javaparser/javaparser-core/3.13.10/javaparser-core-3.13.10.jar:/Users/luca/.m2/repository/org/drools/drools-mvel-parser/7.38.0.Final/drools-mvel-parser-7.38.0.Final.jar:/Users/luca/.m2/repository/org/drools/drools-mvel-compiler/7.38.0.Final/drools-mvel-compiler-7.38.0.Final.jar:/Users/luca/.m2/repository/org/drools/drools-canonical-model/7.38.0.Final/drools-canonical-model-7.38.0.Final.jar:/Users/luca/.m2/repository/org/drools/drools-core/7.38.0.Final/drools-core-7.38.0.Final.jar:/Users/luca/.m2/repository/org/kie/soup/kie-soup-xstream/7.38.0.Final/kie-soup-xstream-7.38.0.Final.jar:/Users/luca/.m2/repository/org/drools/drools-core-dynamic/7.38.0.Final/drools-core-dynamic-7.38.0.Final.jar:/Users/luca/.m2/repository/org/kie/soup/kie-soup-project-datamodel-commons/7.38.0.Final/kie-soup-project-datamodel-commons-7.38.0.Final.jar:/Users/luca/.m2/repository/org/kie/soup/kie-soup-project-datamodel-api/7.38.0.Final/kie-soup-project-datamodel-api-7.38.0.Final.jar:/Users/luca/.m2/repository/commons-codec/commons-codec/1.11/commons-codec-1.11.jar:/Users/luca/.m2/repository/org/drools/drools-compiler/7.38.0.Final/drools-compiler-7.38.0.Final.jar:/Users/luca/.m2/repository/org/kie/soup/kie-soup-commons/7.38.0.Final/kie-soup-commons-7.38.0.Final.jar:/Users/luca/.m2/repository/org/antlr/antlr-runtime/3.5.2/antlr-runtime-3.5.2.jar:/Users/luca/.m2/repository/com/thoughtworks/xstream/xstream/1.4.11.1/xstream-1.4.11.1.jar:/Users/luca/.m2/repository/xmlpull/xmlpull/1.2.0/xmlpull-1.2.0.jar:/Users/luca/.m2/repository/xpp3/xpp3_min/1.2.0/xpp3_min-1.2.0.jar:/Users/luca/.m2/repository/com/google/protobuf/protobuf-java/3.6.1/protobuf-java-3.6.1.jar:/Users/luca/.m2/repository/org/kie/kie-dmn-api/7.38.0.Final/kie-dmn-api-7.38.0.Final.jar:/Users/luca/.m2/repository/org/kie/kie-dmn-model/7.38.0.Final/kie-dmn-model-7.38.0.Final.jar:/Users/luca/.m2/repository/org/kie/kie-dmn-core/7.38.0.Final/kie-dmn-core-7.38.0.Final.jar:/Users/luca/.m2/repository/org/drools/drools-ruleunit/7.38.0.Final/drools-ruleunit-7.38.0.Final.jar:/Users/luca/.m2/repository/org/antlr/antlr4-runtime/4.8/antlr4-runtime-4.8.jar:/Users/luca/.m2/repository/org/jpmml/pmml-model/1.4.11/pmml-model-1.4.11.jar:/Users/luca/.m2/repository/org/jpmml/pmml-agent/1.4.11/pmml-agent-1.4.11.jar:/Users/luca/.m2/repository/org/kie/kie-dmn-core/7.38.0.Final/kie-dmn-core-7.38.0.Final-tests.jar:/Users/luca/.m2/repository/org/kie/kie-dmn-backend/7.38.0.Final/kie-dmn-backend-7.38.0.Final.jar:/Users/luca/.m2/repository/org/kie/kie-dmn-feel/7.38.0.Final/kie-dmn-feel-7.38.0.Final.jar:/Users/luca/.m2/repository/ch/obermuhlner/big-math/2.0.1/big-math-2.0.1.jar:/Users/luca/.m2/repository/ch/qos/logback/logback-classic/1.2.3/logback-classic-1.2.3.jar:/Users/luca/.m2/repository/ch/qos/logback/logback-core/1.2.3/logback-core-1.2.3.jar:/Users/luca/.m2/repository/junit/junit/4.12/junit-4.12.jar:/Users/luca/.m2/repository/org/hamcrest/hamcrest-core/1.3/hamcrest-core-1.3.jar:/Users/luca/.m2/repository/org/hamcrest/hamcrest-library/1.3/hamcrest-library-1.3.jar:/Users/luca/.m2/repository/org/mockito/mockito-core/1.10.19/mockito-core-1.10.19.jar:/Users/luca/.m2/repository/org/objenesis/objenesis/2.1/objenesis-2.1.jar:"/>
    <property name="sun.cpu.endian" value="little"/>
    <property name="user.home" value="/Users/luca"/>
    <property name="user.language" value="en"/>
    <property name="java.specification.vendor" value="Oracle Corporation"/>
    <property name="java.version.date" value="2019-01-15"/>
    <property name="java.home" value="/Users/luca/.jabba/jdk/openjdk@1.11.0-2/Contents/Home"/>
    <property name="file.separator" value="/"/>
    <property name="basedir" value="/Users/luca/git/example-accumulate"/>
    <property name="java.vm.compressedOopsMode" value="Zero based"/>
    <property name="line.separator" value="&#10;"/>
    <property name="java.specification.name" value="Java Platform API Specification"/>
    <property name="java.vm.specification.vendor" value="Oracle Corporation"/>
    <property name="java.awt.graphicsenv" value="sun.awt.CGraphicsEnvironment"/>
    <property name="org.uberfire.sys.repo.monitor.disabled" value="true"/>
    <property name="surefire.real.class.path" value="/Users/luca/git/example-accumulate/target/surefire/surefirebooter16663555082198888268.jar"/>
    <property name="sun.management.compiler" value="HotSpot 64-Bit Tiered Compilers"/>
    <property name="ftp.nonProxyHosts" value="local|*.local|169.254/16|*.169.254/16"/>
    <property name="java.runtime.version" value="11.0.2+9"/>
    <property name="user.name" value="luca"/>
    <property name="path.separator" value=":"/>
    <property name="os.version" value="10.11.6"/>
    <property name="java.runtime.name" value="OpenJDK Runtime Environment"/>
    <property name="file.encoding" value="UTF-8"/>
    <property name="java.vm.name" value="OpenJDK 64-Bit Server VM"/>
    <property name="java.vendor.version" value="18.9"/>
    <property name="org.uberfire.nio.git.ssh.enabled" value="false"/>
    <property name="localRepository" value="/Users/luca/.m2/repository"/>
    <property name="java.vendor.url.bug" value="http://bugreport.java.com/bugreport/"/>
    <property name="java.io.tmpdir" value="/Users/luca/git/example-accumulate/target"/>
    <property name="java.version" value="11.0.2"/>
    <property name="user.dir" value="/Users/luca/git/example-accumulate"/>
    <property name="os.arch" value="x86_64"/>
    <property name="java.vm.specification.name" value="Java Virtual Machine Specification"/>
    <property name="java.awt.printerjob" value="sun.lwawt.macosx.CPrinterJob"/>
    <property name="sun.os.patch.level" value="unknown"/>
    <property name="java.library.path" value="/Users/luca/Library/Java/Extensions:/Library/Java/Extensions:/Network/Library/Java/Extensions:/System/Library/Java/Extensions:/usr/lib/java:."/>
    <property name="java.vendor" value="Oracle Corporation"/>
    <property name="java.vm.info" value="mixed mode"/>
    <property name="java.vm.version" value="11.0.2+9"/>
    <property name="sun.io.unicode.encoding" value="UnicodeBig"/>
    <property name="apple.awt.UIElement" value="true"/>
    <property name="java.class.version" value="55.0"/>
    <property name="socksNonProxyHosts" value="local|*.local|169.254/16|*.169.254/16"/>
  </properties>
  <testcase name="testKJar" classname="org.kie.kproject.KProjectTest" time="0.649"/>
</testsuite>